<?xml version="1.0" encoding="UTF-8"?>
<!-- Generated by org.testng.reporters.JUnitXMLReporter -->
<testsuite ignored="1" hostname="DESKTOP-2DJFJIA" failures="2" tests="2" name="Validate Title" time="0.01" errors="0" timestamp="21 Jun 2023 22:05:35 GMT">
  <testcase classname="testnglearning.TestCase2" name="validateTitle" time="0.005">
    <failure type="java.lang.AssertionError" message="This is an optional third parameter -- if you want to add a failure message --example: Titles are not matching expected [Yahoo.com] but found [Gmail.com]">
      <![CDATA[java.lang.AssertionError: This is an optional third parameter -- if you want to add a failure message --example: Titles are not matching expected [Yahoo.com] but found [Gmail.com]
at testnglearning.TestCase2.validateTitle(TestCase2.java:24)
... Removed 28 stack frames]]>
    </failure>
  </testcase> <!-- validateTitle -->
  <testcase classname="testnglearning.TestCase2" name="validateTitle" time="0.007">
    <failure type="java.lang.Error" message="Unresolved compilation problems: 
	ScreenshotUtil cannot be resolved
	ScreenshotUtil cannot be resolved to a variable
	ScreenshotUtil cannot be resolved to a variable
	ScreenshotUtil cannot be resolved to a variable
	ScreenshotUtil cannot be resolved to a variable
">
      <![CDATA[java.lang.Error: Unresolved compilation problems: 
ScreenshotUtil cannot be resolved
ScreenshotUtil cannot be resolved to a variable
ScreenshotUtil cannot be resolved to a variable
ScreenshotUtil cannot be resolved to a variable
ScreenshotUtil cannot be resolved to a variable

at extentlisteners.ExtentListeners.onTestFailure(ExtentListeners.java:61)
... Removed 22 stack frames]]>
    </failure>
  </testcase> <!-- validateTitle -->
  <testcase classname="testnglearning.TestCase2" name="testing" time="0.0">
    <ignored/>
  </testcase> <!-- testing -->
</testsuite> <!-- Validate Title -->
